<?xml version="1.0" encoding="UTF-8"?>
<!-- Generated by org.testng.reporters.JUnitReportReporter -->
<testsuite hostname="Liza" name="Academy.validateNavigationBar" tests="1" failures="0" timestamp="14 Jan 2018 02:51:15 GMT" time="0.044" errors="0">
  <testcase name="validateAppNavBar" time="0.044" classname="Academy.validateNavigationBar"/>
</testsuite> <!-- Academy.validateNavigationBar -->
