<?xml version="1.0" encoding="UTF-8"?>
<!-- Generated by org.testng.reporters.JUnitReportReporter -->
<testsuite hostname="Liza" name="Academy.HomePage" tests="2" failures="0" timestamp="14 Jan 2018 03:01:12 GMT" time="15.531" errors="0">
  <testcase name="basePageNavigation" time="4.717" classname="Academy.HomePage"/>
  <testcase name="basePageNavigation" time="10.814" classname="Academy.HomePage"/>
</testsuite> <!-- Academy.HomePage -->
